0 verbose cli [ '/usr/bin/node', '/usr/bin/npm', 'install' ]
1 info using npm@8.5.5
2 info using node@v16.15.0
3 timing npm:load:whichnode Completed in 0ms
4 timing config:load:defaults Completed in 2ms
5 timing config:load:file:/usr/lib/node_modules/npm/npmrc Completed in 0ms
6 timing config:load:builtin Completed in 2ms
7 timing config:load:cli Completed in 1ms
8 timing config:load:env Completed in 1ms
9 timing config:load:file:/home/ubuntu/SonarQubeNodeJS/.npmrc Completed in 2ms
10 timing config:load:project Completed in 15ms
11 timing config:load:file:/root/.npmrc Completed in 0ms
12 timing config:load:user Completed in 1ms
13 timing config:load:file:/usr/etc/npmrc Completed in 0ms
14 timing config:load:global Completed in 0ms
15 timing config:load:validate Completed in 2ms
16 timing config:load:credentials Completed in 1ms
17 timing config:load:setEnvs Completed in 1ms
18 timing config:load Completed in 26ms
19 timing npm:load:configload Completed in 26ms
20 timing npm:load:setTitle Completed in 0ms
21 timing config:load:flatten Completed in 4ms
22 timing npm:load:display Completed in 5ms
23 verbose logfile /root/.npm/_logs/2022-05-25T08_29_27_092Z-debug-0.log
24 timing npm:load:logFile Completed in 5ms
25 timing npm:load:timers Completed in 0ms
26 timing npm:load:configScope Completed in 0ms
27 timing npm:load Completed in 36ms
28 timing arborist:ctor Completed in 1ms
29 silly logfile start cleaning logs, removing 1 files
30 timing idealTree:init Completed in 460ms
31 timing idealTree:userRequests Completed in 1ms
32 silly idealTree buildDeps
33 timing idealTree:#root Completed in 1ms
34 timing idealTree:buildDeps Completed in 2ms
35 timing idealTree:fixDepFlags Completed in 0ms
36 timing idealTree Completed in 471ms
37 timing arborist:ctor Completed in 0ms
38 timing reify:loadTrees Completed in 806ms
39 timing reify:diffTrees Completed in 17ms
40 silly reify moves {}
41 timing reify:retireShallow Completed in 0ms
42 timing reify:createSparse Completed in 2ms
43 timing reify:loadBundles Completed in 0ms
44 silly audit bulk request {
44 silly audit   '@ampproject/remapping': [ '2.2.0' ],
44 silly audit   '@babel/code-frame': [ '7.12.11', '7.16.7' ],
44 silly audit   '@babel/compat-data': [ '7.17.10' ],
44 silly audit   '@babel/core': [ '7.18.0' ],
44 silly audit   semver: [ '6.3.0', '5.7.1', '7.3.7' ],
44 silly audit   '@babel/generator': [ '7.18.0' ],
44 silly audit   '@jridgewell/gen-mapping': [ '0.3.1', '0.1.1' ],
44 silly audit   '@babel/helper-compilation-targets': [ '7.17.10' ],
44 silly audit   '@babel/helper-environment-visitor': [ '7.16.7' ],
44 silly audit   '@babel/helper-function-name': [ '7.17.9' ],
44 silly audit   '@babel/helper-hoist-variables': [ '7.16.7' ],
44 silly audit   '@babel/helper-module-imports': [ '7.16.7' ],
44 silly audit   '@babel/helper-module-transforms': [ '7.18.0' ],
44 silly audit   '@babel/helper-plugin-utils': [ '7.17.12' ],
44 silly audit   '@babel/helper-simple-access': [ '7.17.7' ],
44 silly audit   '@babel/helper-split-export-declaration': [ '7.16.7' ],
44 silly audit   '@babel/helper-validator-identifier': [ '7.16.7' ],
44 silly audit   '@babel/helper-validator-option': [ '7.16.7' ],
44 silly audit   '@babel/helpers': [ '7.18.0' ],
44 silly audit   '@babel/highlight': [ '7.17.12' ],
44 silly audit   'ansi-styles': [ '3.2.1', '4.3.0' ],
44 silly audit   chalk: [ '2.4.2', '4.1.2' ],
44 silly audit   'color-convert': [ '1.9.3', '2.0.1' ],
44 silly audit   'color-name': [ '1.1.3', '1.1.4' ],
44 silly audit   'escape-string-regexp': [ '1.0.5', '4.0.0', '2.0.0' ],
44 silly audit   'has-flag': [ '3.0.0', '4.0.0' ],
44 silly audit   'supports-color': [ '5.5.0', '7.2.0' ],
44 silly audit   '@babel/parser': [ '7.18.0' ],
44 silly audit   '@babel/plugin-syntax-async-generators': [ '7.8.4' ],
44 silly audit   '@babel/plugin-syntax-bigint': [ '7.8.3' ],
44 silly audit   '@babel/plugin-syntax-class-properties': [ '7.12.13' ],
44 silly audit   '@babel/plugin-syntax-import-meta': [ '7.10.4' ],
44 silly audit   '@babel/plugin-syntax-json-strings': [ '7.8.3' ],
44 silly audit   '@babel/plugin-syntax-logical-assignment-operators': [ '7.10.4' ],
44 silly audit   '@babel/plugin-syntax-nullish-coalescing-operator': [ '7.8.3' ],
44 silly audit   '@babel/plugin-syntax-numeric-separator': [ '7.10.4' ],
44 silly audit   '@babel/plugin-syntax-object-rest-spread': [ '7.8.3' ],
44 silly audit   '@babel/plugin-syntax-optional-catch-binding': [ '7.8.3' ],
44 silly audit   '@babel/plugin-syntax-optional-chaining': [ '7.8.3' ],
44 silly audit   '@babel/plugin-syntax-top-level-await': [ '7.14.5' ],
44 silly audit   '@babel/template': [ '7.16.7' ],
44 silly audit   '@babel/traverse': [ '7.18.0' ],
44 silly audit   globals: [ '11.12.0', '13.15.0' ],
44 silly audit   '@babel/types': [ '7.18.0' ],
44 silly audit   '@bcoe/v8-coverage': [ '0.2.3' ],
44 silly audit   '@cnakazawa/watch': [ '1.0.4' ],
44 silly audit   '@eslint/eslintrc': [ '0.4.3' ],
44 silly audit   '@humanwhocodes/config-array': [ '0.5.0' ],
44 silly audit   '@humanwhocodes/object-schema': [ '1.2.1' ],
44 silly audit   '@istanbuljs/load-nyc-config': [ '1.1.0' ],
44 silly audit   'resolve-from': [ '5.0.0', '4.0.0' ],
44 silly audit   '@istanbuljs/schema': [ '0.1.3' ],
44 silly audit   '@jest/console': [ '26.6.2' ],
44 silly audit   '@jest/core': [ '26.6.3' ],
44 silly audit   '@jest/environment': [ '26.6.2' ],
44 silly audit   '@jest/fake-timers': [ '26.6.2' ],
44 silly audit   '@jest/globals': [ '26.6.2' ],
44 silly audit   '@jest/reporters': [ '26.6.2' ],
44 silly audit   '@jest/source-map': [ '26.6.2' ],
44 silly audit   '@jest/test-result': [ '26.6.2' ],
44 silly audit   '@jest/test-sequencer': [ '26.6.3' ],
44 silly audit   '@jest/transform': [ '26.6.2' ],
44 silly audit   '@jest/types': [ '26.6.2' ],
44 silly audit   '@jridgewell/resolve-uri': [ '3.0.7' ],
44 silly audit   '@jridgewell/set-array': [ '1.1.1' ],
44 silly audit   '@jridgewell/sourcemap-codec': [ '1.4.13' ],
44 silly audit   '@jridgewell/trace-mapping': [ '0.3.13' ],
44 silly audit   '@sindresorhus/is': [ '4.6.0', '0.14.0' ],
44 silly audit   '@sinonjs/commons': [ '1.8.3' ],
44 silly audit   '@sinonjs/fake-timers': [ '6.0.1' ],
44 silly audit   '@szmarczak/http-timer': [ '4.0.6', '1.1.2' ],
44 silly audit   '@tootallnate/once': [ '1.1.2' ],
44 silly audit   '@types/babel__core': [ '7.1.19' ],
44 silly audit   '@types/babel__generator': [ '7.6.4' ],
44 silly audit   '@types/babel__template': [ '7.4.1' ],
44 silly audit   '@types/babel__traverse': [ '7.17.1' ],
44 silly audit   '@types/cacheable-request': [ '6.0.2' ],
44 silly audit   '@types/graceful-fs': [ '4.1.5' ],
44 silly audit   '@types/http-cache-semantics': [ '4.0.1' ],
44 silly audit   '@types/istanbul-lib-coverage': [ '2.0.4' ],
44 silly audit   '@types/istanbul-lib-report': [ '3.0.0' ],
44 silly audit   '@types/istanbul-reports': [ '3.0.1' ],
44 silly audit   '@types/json-buffer': [ '3.0.0' ],
44 silly audit   '@types/keyv': [ '3.1.4' ],
44 silly audit   '@types/node': [ '17.0.35' ],
44 silly audit   '@types/normalize-package-data': [ '2.4.1' ],
44 silly audit   '@types/prettier': [ '2.6.1' ],
44 silly audit   '@types/responselike': [ '1.0.0' ],
44 silly audit   '@types/stack-utils': [ '2.0.1' ],
44 silly audit   '@types/yargs': [ '15.0.14' ],
44 silly audit   '@types/yargs-parser': [ '21.0.0' ],
44 silly audit   abab: [ '2.0.6' ],
44 silly audit   abbrev: [ '1.1.1' ],
44 silly audit   accepts: [ '1.3.8' ],
44 silly audit   acorn: [ '7.4.1', '8.7.1' ],
44 silly audit   'acorn-globals': [ '6.0.0' ],
44 silly audit   'acorn-jsx': [ '5.3.2' ],
44 silly audit   'acorn-walk': [ '7.2.0' ],
44 silly audit   'agent-base': [ '6.0.2' ],
44 silly audit   ajv: [ '6.12.6', '8.11.0' ],
44 silly audit   'ansi-align': [ '3.0.1' ],
44 silly audit   'ansi-colors': [ '4.1.3' ],
44 silly audit   'ansi-escapes': [ '4.3.2' ],
44 silly audit   'type-fest': [ '0.21.3', '0.8.1', '0.6.0', '0.20.2' ],
44 silly audit   'ansi-regex': [ '5.0.1' ],
44 silly audit   anymatch: [ '3.1.2', '2.0.0' ],
44 silly audit   argparse: [ '1.0.10' ],
44 silly audit   'arr-diff': [ '4.0.0' ],
44 silly audit   'arr-flatten': [ '1.1.0' ],
44 silly audit   'arr-union': [ '3.1.0' ],
44 silly audit   'array-flatten': [ '1.1.1' ],
44 silly audit   'array-unique': [ '0.3.2' ],
44 silly audit   'assign-symbols': [ '1.0.0' ],
44 silly audit   'astral-regex': [ '2.0.0' ],
44 silly audit   async: [ '3.2.3' ],
44 silly audit   asynckit: [ '0.4.0' ],
44 silly audit   atob: [ '2.1.2' ],
44 silly audit   'babel-jest': [ '26.6.3' ],
44 silly audit   'babel-plugin-istanbul': [ '6.1.1' ],
44 silly audit   'istanbul-lib-instrument': [ '5.2.0', '4.0.3' ],
44 silly audit   'babel-plugin-jest-hoist': [ '26.6.2' ],
44 silly audit   'babel-preset-current-node-syntax': [ '1.0.1' ],
44 silly audit   'babel-preset-jest': [ '26.6.2' ],
44 silly audit   'balanced-match': [ '1.0.2' ],
44 silly audit   base: [ '0.11.2' ],
44 silly audit   'define-property': [ '1.0.0', '0.2.5', '2.0.2' ],
44 silly audit   'binary-extensions': [ '2.2.0' ],
44 silly audit   'body-parser': [ '1.19.2' ],
44 silly audit   debug: [ '2.6.9', '4.3.4', '3.2.7' ],
44 silly audit   ms: [ '2.0.0', '2.1.2', '2.1.3', '2.1.1' ],
44 silly audit   boxen: [ '5.1.2' ],
44 silly audit   camelcase: [ '6.3.0', '5.3.1' ],
44 silly audit   'brace-expansion': [ '1.1.11', '2.0.1' ],
44 silly audit   braces: [ '3.0.2', '2.3.2' ],
44 silly audit   'browser-process-hrtime': [ '1.0.0' ],
44 silly audit   browserslist: [ '4.20.3' ],
44 silly audit   bser: [ '2.1.1' ],
44 silly audit   'buffer-from': [ '1.1.2' ],
44 silly audit   bytes: [ '3.1.2' ],
44 silly audit   'cache-base': [ '1.0.1' ],
44 silly audit   'cacheable-lookup': [ '5.0.4' ],
44 silly audit   'cacheable-request': [ '7.0.2', '6.1.0' ],
44 silly audit   callsites: [ '3.1.0' ],
44 silly audit   'caniuse-lite': [ '1.0.30001342' ],
44 silly audit   'capture-exit': [ '2.0.0' ],
44 silly audit   'char-regex': [ '1.0.2' ],
44 silly audit   chokidar: [ '3.5.3' ],
44 silly audit   'ci-info': [ '2.0.0' ],
44 silly audit   'cjs-module-lexer': [ '0.6.0' ],
44 silly audit   'class-utils': [ '0.3.6' ],
44 silly audit   'is-accessor-descriptor': [ '0.1.6', '1.0.0' ],
44 silly audit   'kind-of': [ '3.2.2', '5.1.0', '4.0.0', '6.0.3' ],
44 silly audit   'is-data-descriptor': [ '0.1.4', '1.0.0' ],
44 silly audit   'is-descriptor': [ '0.1.6', '1.0.2' ],
44 silly audit   'cli-boxes': [ '2.2.1' ],
44 silly audit   cliui: [ '6.0.0' ],
44 silly audit   'wrap-ansi': [ '6.2.0', '7.0.0' ],
44 silly audit   'clone-response': [ '1.0.2' ],
44 silly audit   co: [ '4.6.0' ],
44 silly audit   'collect-v8-coverage': [ '1.0.1' ],
44 silly audit   'collection-visit': [ '1.0.0' ],
44 silly audit   'combined-stream': [ '1.0.8' ],
44 silly audit   'component-emitter': [ '1.3.0' ],
44 silly audit   'compress-brotli': [ '1.3.8' ],
44 silly audit   'concat-map': [ '0.0.1' ],
44 silly audit   configstore: [ '5.0.1' ],
44 silly audit   'content-disposition': [ '0.5.4' ],
44 silly audit   'content-type': [ '1.0.4' ],
44 silly audit   'convert-source-map': [ '1.8.0' ],
44 silly audit   'safe-buffer': [ '5.1.2', '5.2.1', '5.1.1' ],
44 silly audit   cookie: [ '0.4.2' ],
44 silly audit   'cookie-signature': [ '1.0.6' ],
44 silly audit   cookiejar: [ '2.1.3' ],
44 silly audit   'copy-descriptor': [ '0.1.1' ],
44 silly audit   'core-util-is': [ '1.0.3' ],
44 silly audit   'cross-spawn': [ '7.0.3', '6.0.5' ],
44 silly audit   'crypto-random-string': [ '2.0.0' ],
44 silly audit   cssom: [ '0.4.4', '0.3.8' ],
44 silly audit   cssstyle: [ '2.3.0' ],
44 silly audit   'data-urls': [ '2.0.0' ],
44 silly audit   decamelize: [ '1.2.0' ],
44 silly audit   'decimal.js': [ '10.3.1' ],
44 silly audit   'decode-uri-component': [ '0.2.0' ],
44 silly audit   'decompress-response': [ '6.0.0', '3.3.0' ],
44 silly audit   'mimic-response': [ '3.1.0', '1.0.1' ],
44 silly audit   'deep-extend': [ '0.6.0' ],
44 silly audit   'deep-is': [ '0.1.4' ],
44 silly audit   deepmerge: [ '4.2.2' ],
44 silly audit   'defer-to-connect': [ '2.0.1', '1.1.3' ],
44 silly audit   'delayed-stream': [ '1.0.0' ],
44 silly audit   depd: [ '1.1.2' ],
44 silly audit   destroy: [ '1.0.4' ],
44 silly audit   'detect-newline': [ '3.1.0' ],
44 silly audit   'diff-sequences': [ '26.6.2' ],
44 silly audit   doctrine: [ '3.0.0' ],
44 silly audit   domexception: [ '2.0.1' ],
44 silly audit   'webidl-conversions': [ '5.0.0', '6.1.0' ],
44 silly audit   'dot-prop': [ '5.3.0' ],
44 silly audit   duplexer3: [ '0.1.4' ],
44 silly audit   'ee-first': [ '1.1.1' ],
44 silly audit   ejs: [ '3.1.8' ],
44 silly audit   'electron-to-chromium': [ '1.4.138' ],
44 silly audit   emittery: [ '0.7.2' ],
44 silly audit   'emoji-regex': [ '8.0.0' ],
44 silly audit   encodeurl: [ '1.0.2' ],
44 silly audit   'end-of-stream': [ '1.4.4' ],
44 silly audit   enquirer: [ '2.3.6' ],
44 silly audit   'error-ex': [ '1.3.2' ],
44 silly audit   escalade: [ '3.1.1' ],
44 silly audit   'escape-goat': [ '2.1.1' ],
44 silly audit   'escape-html': [ '1.0.3' ],
44 silly audit   escodegen: [ '2.0.0' ],
44 silly audit   estraverse: [ '5.3.0', '4.3.0' ],
44 silly audit   levn: [ '0.3.0', '0.4.1' ],
44 silly audit   optionator: [ '0.8.3', '0.9.1' ],
44 silly audit   'prelude-ls': [ '1.1.2', '1.2.1' ],
44 silly audit   'type-check': [ '0.3.2', '0.4.0' ],
44 silly audit   eslint: [ '7.32.0' ],
44 silly audit   'eslint-scope': [ '5.1.1' ],
44 silly audit   'eslint-utils': [ '2.1.0' ],
44 silly audit   'eslint-visitor-keys': [ '1.3.0', '2.1.0' ],
44 silly audit   espree: [ '7.3.1' ],
44 silly audit   esprima: [ '4.0.1' ],
44 silly audit   esquery: [ '1.4.0' ],
44 silly audit   esrecurse: [ '4.3.0' ],
44 silly audit   esutils: [ '2.0.3' ],
44 silly audit   etag: [ '1.8.1' ],
44 silly audit   'exec-sh': [ '0.3.6' ],
44 silly audit   execa: [ '4.1.0', '1.0.0' ],
44 silly audit   exit: [ '0.1.2' ],
44 silly audit   'expand-brackets': [ '2.1.4' ],
44 silly audit   'extend-shallow': [ '2.0.1', '3.0.2' ],
44 silly audit   'is-extendable': [ '0.1.1', '1.0.1' ],
44 silly audit   expect: [ '26.6.2' ],
44 silly audit   express: [ '4.17.3' ],
44 silly audit   extend: [ '3.0.2' ],
44 silly audit   extglob: [ '2.0.4' ],
44 silly audit   'fast-deep-equal': [ '3.1.3' ],
44 silly audit   'fast-json-stable-stringify': [ '2.1.0' ],
44 silly audit   'fast-levenshtein': [ '2.0.6' ],
44 silly audit   'fb-watchman': [ '2.0.1' ],
44 silly audit   'file-entry-cache': [ '6.0.1' ],
44 silly audit   filelist: [ '1.0.4' ],
44 silly audit   minimatch: [ '5.1.0', '3.1.2' ],
44 silly audit   'fill-range': [ '7.0.1', '4.0.0' ],
44 silly audit   finalhandler: [ '1.1.2' ],
44 silly audit   'find-up': [ '4.1.0' ],
44 silly audit   'flat-cache': [ '3.0.4' ],
44 silly audit   flatted: [ '3.2.5' ],
44 silly audit   'for-in': [ '1.0.2' ],
44 silly audit   'form-data': [ '3.0.1', '2.5.1' ],
44 silly audit   formidable: [ '1.2.6' ],
44 silly audit   forwarded: [ '0.2.0' ],
44 silly audit   'fragment-cache': [ '0.2.1' ],
44 silly audit   fresh: [ '0.5.2' ],
44 silly audit   'fs.realpath': [ '1.0.0' ],
44 silly audit   fsevents: [ '2.3.2' ],
44 silly audit   'function-bind': [ '1.1.1' ],
44 silly audit   'functional-red-black-tree': [ '1.0.1' ],
44 silly audit   gensync: [ '1.0.0-beta.2' ],
44 silly audit   'get-caller-file': [ '2.0.5' ],
44 silly audit   'get-package-type': [ '0.1.0' ],
44 silly audit   'get-stream': [ '5.2.0', '4.1.0' ],
44 silly audit   'get-value': [ '2.0.6' ],
44 silly audit   glob: [ '7.2.3' ],
44 silly audit   'glob-parent': [ '5.1.2' ],
44 silly audit   'global-dirs': [ '3.0.0' ],
44 silly audit   got: [ '11.8.3', '9.6.0' ],
44 silly audit   'graceful-fs': [ '4.2.10' ],
44 silly audit   growly: [ '1.3.0' ],
44 silly audit   has: [ '1.0.3' ],
44 silly audit   'has-value': [ '1.0.0', '0.3.1' ],
44 silly audit   'has-values': [ '1.0.0', '0.1.4' ],
44 silly audit   'is-number': [ '3.0.0', '7.0.0' ],
44 silly audit   'has-yarn': [ '2.1.0' ],
44 silly audit   'hosted-git-info': [ '2.8.9' ],
44 silly audit   'html-encoding-sniffer': [ '2.0.1' ],
44 silly audit   'html-escaper': [ '2.0.2' ],
44 silly audit   'http-cache-semantics': [ '4.1.0' ],
44 silly audit   'http-errors': [ '1.8.1' ],
44 silly audit   'http-proxy-agent': [ '4.0.1' ],
44 silly audit   'http2-wrapper': [ '1.0.3' ],
44 silly audit   'https-proxy-agent': [ '5.0.1' ],
44 silly audit   'human-signals': [ '1.1.1' ],
44 silly audit   'iconv-lite': [ '0.4.24' ],
44 silly audit   ignore: [ '4.0.6' ],
44 silly audit   'ignore-by-default': [ '1.0.1' ],
44 silly audit   'import-fresh': [ '3.3.0' ],
44 silly audit   'import-lazy': [ '2.1.0' ],
44 silly audit   'import-local': [ '3.1.0' ],
44 silly audit   imurmurhash: [ '0.1.4' ],
44 silly audit   inflight: [ '1.0.6' ],
44 silly audit   inherits: [ '2.0.4' ],
44 silly audit   ini: [ '2.0.0', '1.3.8' ],
44 silly audit   'ipaddr.js': [ '1.9.1' ],
44 silly audit   'is-arrayish': [ '0.2.1' ],
44 silly audit   'is-binary-path': [ '2.1.0' ],
44 silly audit   'is-buffer': [ '1.1.6' ],
44 silly audit   'is-ci': [ '2.0.0' ],
44 silly audit   'is-core-module': [ '2.9.0' ],
44 silly audit   'is-docker': [ '2.2.1' ],
44 silly audit   'is-extglob': [ '2.1.1' ],
44 silly audit   'is-fullwidth-code-point': [ '3.0.0' ],
44 silly audit   'is-generator-fn': [ '2.1.0' ],
44 silly audit   'is-glob': [ '4.0.3' ],
44 silly audit   'is-installed-globally': [ '0.4.0' ],
44 silly audit   'is-npm': [ '5.0.0' ],
44 silly audit   'is-obj': [ '2.0.0' ],
44 silly audit   'is-path-inside': [ '3.0.3' ],
44 silly audit   'is-plain-object': [ '2.0.4' ],
44 silly audit   'is-potential-custom-element-name': [ '1.0.1' ],
44 silly audit   'is-stream': [ '2.0.1', '1.1.0' ],
44 silly audit   'is-typedarray': [ '1.0.0' ],
44 silly audit   'is-windows': [ '1.0.2' ],
44 silly audit   'is-wsl': [ '2.2.0' ],
44 silly audit   'is-yarn-global': [ '0.3.0' ],
44 silly audit   isarray: [ '1.0.0' ],
44 silly audit   isexe: [ '2.0.0' ],
44 silly audit   isobject: [ '3.0.1', '2.1.0' ],
44 silly audit   'istanbul-lib-coverage': [ '3.2.0' ],
44 silly audit   'istanbul-lib-report': [ '3.0.0' ],
44 silly audit   'istanbul-lib-source-maps': [ '4.0.1' ],
44 silly audit   'istanbul-reports': [ '3.1.4' ],
44 silly audit   jake: [ '10.8.5' ],
44 silly audit   jest: [ '26.6.3' ],
44 silly audit   'jest-changed-files': [ '26.6.2' ],
44 silly audit   'jest-cli': [ '26.6.3' ],
44 silly audit   'jest-config': [ '26.6.3' ],
44 silly audit   'jest-diff': [ '26.6.2' ],
44 silly audit   'jest-docblock': [ '26.0.0' ],
44 silly audit   'jest-each': [ '26.6.2' ],
44 silly audit   'jest-environment-jsdom': [ '26.6.2' ],
44 silly audit   'jest-environment-node': [ '26.6.2' ],
44 silly audit   'jest-get-type': [ '26.3.0' ],
44 silly audit   'jest-haste-map': [ '26.6.2' ],
44 silly audit   'jest-jasmine2': [ '26.6.3' ],
44 silly audit   'jest-leak-detector': [ '26.6.2' ],
44 silly audit   'jest-matcher-utils': [ '26.6.2' ],
44 silly audit   'jest-message-util': [ '26.6.2' ],
44 silly audit   'jest-mock': [ '26.6.2' ],
44 silly audit   'jest-pnp-resolver': [ '1.2.2' ],
44 silly audit   'jest-regex-util': [ '26.0.0' ],
44 silly audit   'jest-resolve': [ '26.6.2' ],
44 silly audit   'jest-resolve-dependencies': [ '26.6.3' ],
44 silly audit   'jest-runner': [ '26.6.3' ],
44 silly audit   'jest-runtime': [ '26.6.3' ],
44 silly audit   'jest-serializer': [ '26.6.2' ],
44 silly audit   'jest-snapshot': [ '26.6.2' ],
44 silly audit   'jest-util': [ '26.6.2' ],
44 silly audit   'jest-validate': [ '26.6.2' ],
44 silly audit   'jest-watcher': [ '26.6.2' ],
44 silly audit   'jest-worker': [ '26.6.2' ],
44 silly audit   'js-tokens': [ '4.0.0' ],
44 silly audit   'js-yaml': [ '3.14.1' ],
44 silly audit   jsdom: [ '16.7.0' ],
44 silly audit   jsesc: [ '2.5.2' ],
44 silly audit   'json-buffer': [ '3.0.1', '3.0.0' ],
44 silly audit   'json-parse-even-better-errors': [ '2.3.1' ],
44 silly audit   'json-schema-traverse': [ '0.4.1', '1.0.0' ],
44 silly audit   'json-stable-stringify-without-jsonify': [ '1.0.1' ],
44 silly audit   json5: [ '2.2.1' ],
44 silly audit   keyv: [ '4.3.0', '3.1.0' ],
44 silly audit   kleur: [ '3.0.3' ],
44 silly audit   'latest-version': [ '5.1.0' ],
44 silly audit   leven: [ '3.1.0' ],
44 silly audit   'lines-and-columns': [ '1.2.4' ],
44 silly audit   'locate-path': [ '5.0.0' ],
44 silly audit   lodash: [ '4.17.21' ],
44 silly audit   'lodash.merge': [ '4.6.2' ],
44 silly audit   'lodash.truncate': [ '4.4.2' ],
44 silly audit   'lowercase-keys': [ '2.0.0', '1.0.1' ],
44 silly audit   'lru-cache': [ '6.0.0' ],
44 silly audit   'make-dir': [ '3.1.0' ],
44 silly audit   makeerror: [ '1.0.12' ],
44 silly audit   'map-cache': [ '0.2.2' ],
44 silly audit   'map-visit': [ '1.0.0' ],
44 silly audit   'media-typer': [ '0.3.0' ],
44 silly audit   'merge-descriptors': [ '1.0.1' ],
44 silly audit   'merge-stream': [ '2.0.0' ],
44 silly audit   methods: [ '1.1.2' ],
44 silly audit   micromatch: [ '4.0.5', '3.1.10' ],
44 silly audit   mime: [ '1.6.0' ],
44 silly audit   'mime-db': [ '1.52.0' ],
44 silly audit   'mime-types': [ '2.1.35' ],
44 silly audit   'mimic-fn': [ '2.1.0' ],
44 silly audit   minimist: [ '1.2.6' ],
44 silly audit   'mixin-deep': [ '1.3.2' ],
44 silly audit   nanomatch: [ '1.2.13' ],
44 silly audit   'natural-compare': [ '1.4.0' ],
44 silly audit   negotiator: [ '0.6.3' ],
44 silly audit   'nice-try': [ '1.0.5' ],
44 silly audit   'node-int64': [ '0.4.0' ],
44 silly audit   'node-notifier': [ '8.0.2' ],
44 silly audit   'node-releases': [ '2.0.5' ],
44 silly audit   nodemon: [ '2.0.16' ],
44 silly audit   nopt: [ '1.0.10' ],
44 silly audit   'normalize-package-data': [ '2.5.0' ],
44 silly audit   'normalize-path': [ '3.0.0', '2.1.1' ],
44 silly audit   'normalize-url': [ '6.1.0', '4.5.1' ],
44 silly audit   'npm-run-path': [ '4.0.1', '2.0.2' ],
44 silly audit   nwsapi: [ '2.2.0' ],
44 silly audit   'object-copy': [ '0.1.0' ],
44 silly audit   'object-visit': [ '1.0.1' ],
44 silly audit   'object.pick': [ '1.3.0' ],
44 silly audit   'on-finished': [ '2.3.0' ],
44 silly audit   once: [ '1.4.0' ],
44 silly audit   onetime: [ '5.1.2' ],
44 silly audit   'p-cancelable': [ '2.1.1', '1.1.0' ],
44 silly audit   'p-each-series': [ '2.2.0' ],
44 silly audit   'p-finally': [ '1.0.0' ],
44 silly audit   'p-limit': [ '2.3.0' ],
44 silly audit   'p-locate': [ '4.1.0' ],
44 silly audit   'p-try': [ '2.2.0' ],
44 silly audit   'package-json': [ '6.5.0' ],
44 silly audit   responselike: [ '1.0.2', '2.0.0' ],
44 silly audit   'parent-module': [ '1.0.1' ],
44 silly audit   'parse-json': [ '5.2.0' ],
44 silly audit   parse5: [ '6.0.1' ],
44 silly audit   parseurl: [ '1.3.3' ],
44 silly audit   pascalcase: [ '0.1.1' ],
44 silly audit   'path-exists': [ '4.0.0' ],
44 silly audit   'path-is-absolute': [ '1.0.1' ],
44 silly audit   'path-key': [ '3.1.1', '2.0.1' ],
44 silly audit   'path-parse': [ '1.0.7' ],
44 silly audit   'path-to-regexp': [ '0.1.7' ],
44 silly audit   picocolors: [ '1.0.0' ],
44 silly audit   picomatch: [ '2.3.1' ],
44 silly audit   pirates: [ '4.0.5' ],
44 silly audit   'pkg-dir': [ '4.2.0' ],
44 silly audit   'posix-character-classes': [ '0.1.1' ],
44 silly audit   'prepend-http': [ '2.0.0' ],
44 silly audit   prettier: [ '2.6.2' ],
44 silly audit   'pretty-format': [ '26.6.2' ],
44 silly audit   'process-nextick-args': [ '2.0.1' ],
44 silly audit   progress: [ '2.0.3' ],
44 silly audit   prompts: [ '2.4.2' ],
44 silly audit   'proxy-addr': [ '2.0.7' ],
44 silly audit   psl: [ '1.8.0' ],
44 silly audit   'pstree.remy': [ '1.1.8' ],
44 silly audit   pump: [ '3.0.0' ],
44 silly audit   punycode: [ '2.1.1' ],
44 silly audit   pupa: [ '2.1.1' ],
44 silly audit   qs: [ '6.9.7' ],
44 silly audit   'quick-lru': [ '5.1.1' ],
44 silly audit   'range-parser': [ '1.2.1' ],
44 silly audit   'raw-body': [ '2.4.3' ],
44 silly audit   rc: [ '1.2.8' ],
44 silly audit   'strip-json-comments': [ '2.0.1', '3.1.1' ],
44 silly audit   'react-is': [ '17.0.2' ],
44 silly audit   'read-pkg': [ '5.2.0' ],
44 silly audit   'read-pkg-up': [ '7.0.1' ],
44 silly audit   'readable-stream': [ '2.3.7' ],
44 silly audit   readdirp: [ '3.6.0' ],
44 silly audit   'regex-not': [ '1.0.2' ],
44 silly audit   regexpp: [ '3.2.0' ],
44 silly audit   'registry-auth-token': [ '4.2.1' ],
44 silly audit   'registry-url': [ '5.1.0' ],
44 silly audit   'remove-trailing-separator': [ '1.1.0' ],
44 silly audit   'repeat-element': [ '1.1.4' ],
44 silly audit   'repeat-string': [ '1.6.1' ],
44 silly audit   'require-directory': [ '2.1.1' ],
44 silly audit   'require-from-string': [ '2.0.2' ],
44 silly audit   'require-main-filename': [ '2.0.0' ],
44 silly audit   resolve: [ '1.22.0' ],
44 silly audit   'resolve-alpn': [ '1.2.1' ],
44 silly audit   'resolve-cwd': [ '3.0.0' ],
44 silly audit   'resolve-url': [ '0.2.1' ],
44 silly audit   ret: [ '0.1.15' ],
44 silly audit   rimraf: [ '3.0.2' ],
44 silly audit   rsvp: [ '4.8.5' ],
44 silly audit   'safe-regex': [ '1.1.0' ],
44 silly audit   'safer-buffer': [ '2.1.2' ],
44 silly audit   sane: [ '4.1.0' ],
44 silly audit   'shebang-command': [ '1.2.0', '2.0.0' ],
44 silly audit   'shebang-regex': [ '1.0.0', '3.0.0' ],
44 silly audit   'to-regex-range': [ '2.1.1', '5.0.1' ],
44 silly audit   which: [ '1.3.1', '2.0.2' ],
44 silly audit   saxes: [ '5.0.1' ],
44 silly audit   'semver-diff': [ '3.1.1' ],
44 silly audit   send: [ '0.17.2' ],
44 silly audit   'serve-favicon': [ '2.5.0' ],
44 silly audit   'serve-static': [ '1.14.2' ],
44 silly audit   'set-blocking': [ '2.0.0' ],
44 silly audit   'set-value': [ '2.0.1' ],
44 silly audit   setprototypeof: [ '1.2.0' ],
44 silly audit   shellwords: [ '0.1.1' ],
44 silly audit   'signal-exit': [ '3.0.7' ],
44 silly audit   sisteransi: [ '1.0.5' ],
44 silly audit   slash: [ '3.0.0' ],
44 silly audit   'slice-ansi': [ '4.0.0' ],
44 silly audit   snapdragon: [ '0.8.2' ],
44 silly audit   'snapdragon-node': [ '2.1.1' ],
44 silly audit   'snapdragon-util': [ '3.0.1' ],
44 silly audit   'source-map': [ '0.5.7', '0.6.1', '0.7.3' ],
44 silly audit   'source-map-resolve': [ '0.5.3' ],
44 silly audit   'source-map-support': [ '0.5.21' ],
44 silly audit   'source-map-url': [ '0.4.1' ],
44 silly audit   'spdx-correct': [ '3.1.1' ],
44 silly audit   'spdx-exceptions': [ '2.3.0' ],
44 silly audit   'spdx-expression-parse': [ '3.0.1' ],
44 silly audit   'spdx-license-ids': [ '3.0.11' ],
44 silly audit   'split-string': [ '3.1.0' ],
44 silly audit   'sprintf-js': [ '1.0.3' ],
44 silly audit   'stack-utils': [ '2.0.5' ],
44 silly audit   'static-extend': [ '0.1.2' ],
44 silly audit   statuses: [ '1.5.0' ],
44 silly audit   string_decoder: [ '1.1.1' ],
44 silly audit   'string-length': [ '4.0.2' ],
44 silly audit   'string-width': [ '4.2.3' ],
44 silly audit   'strip-ansi': [ '6.0.1' ],
44 silly audit   'strip-bom': [ '4.0.0' ],
44 silly audit   'strip-eof': [ '1.0.0' ],
44 silly audit   'strip-final-newline': [ '2.0.0' ],
44 silly audit   superagent: [ '3.8.3' ],
44 silly audit   supertest: [ '4.0.2' ],
44 silly audit   'supports-hyperlinks': [ '2.2.0' ],
44 silly audit   'supports-preserve-symlinks-flag': [ '1.0.0' ],
44 silly audit   'symbol-tree': [ '3.2.4' ],
44 silly audit   table: [ '6.8.0' ],
44 silly audit   'terminal-link': [ '2.1.1' ],
44 silly audit   'test-exclude': [ '6.0.0' ],
44 silly audit   'text-table': [ '0.2.0' ],
44 silly audit   throat: [ '5.0.0' ],
44 silly audit   tmpl: [ '1.0.5' ],
44 silly audit   'to-fast-properties': [ '2.0.0' ],
44 silly audit   'to-object-path': [ '0.3.0' ],
44 silly audit   'to-readable-stream': [ '1.0.0' ],
44 silly audit   'to-regex': [ '3.0.2' ],
44 silly audit   toidentifier: [ '1.0.1' ],
44 silly audit   touch: [ '3.1.0' ],
44 silly audit   'tough-cookie': [ '4.0.0' ],
44 silly audit   tr46: [ '2.1.0' ],
44 silly audit   'type-detect': [ '4.0.8' ],
44 silly audit   'type-is': [ '1.6.18' ],
44 silly audit   'typedarray-to-buffer': [ '3.1.5' ],
44 silly audit   undefsafe: [ '2.0.5' ],
44 silly audit   'union-value': [ '1.0.1' ],
44 silly audit   'unique-string': [ '2.0.0' ],
44 silly audit   universalify: [ '0.1.2' ],
44 silly audit   unpipe: [ '1.0.0' ],
44 silly audit   'unset-value': [ '1.0.0' ],
44 silly audit   'update-notifier': [ '5.1.0' ],
44 silly audit   'uri-js': [ '4.4.1' ],
44 silly audit   urix: [ '0.1.0' ],
44 silly audit   'url-parse-lax': [ '3.0.0' ],
44 silly audit   use: [ '3.1.1' ],
44 silly audit   'util-deprecate': [ '1.0.2' ],
44 silly audit   'utils-merge': [ '1.0.1' ],
44 silly audit   uuid: [ '8.3.2' ],
44 silly audit   'v8-compile-cache': [ '2.3.0' ],
44 silly audit   'v8-to-istanbul': [ '7.1.2' ],
44 silly audit   'validate-npm-package-license': [ '3.0.4' ],
44 silly audit   vary: [ '1.1.2' ],
44 silly audit   'w3c-hr-time': [ '1.0.2' ],
44 silly audit   'w3c-xmlserializer': [ '2.0.0' ],
44 silly audit   walker: [ '1.0.8' ],
44 silly audit   'whatwg-encoding': [ '1.0.5' ],
44 silly audit   'whatwg-mimetype': [ '2.3.0' ],
44 silly audit   'whatwg-url': [ '8.7.0' ],
44 silly audit   'which-module': [ '2.0.0' ],
44 silly audit   'widest-line': [ '3.1.0' ],
44 silly audit   'word-wrap': [ '1.2.3' ],
44 silly audit   wrappy: [ '1.0.2' ],
44 silly audit   'write-file-atomic': [ '3.0.3' ],
44 silly audit   ws: [ '7.5.7' ],
44 silly audit   'xdg-basedir': [ '4.0.0' ],
44 silly audit   'xml-name-validator': [ '3.0.0' ],
44 silly audit   xmlchars: [ '2.2.0' ],
44 silly audit   y18n: [ '4.0.3' ],
44 silly audit   yallist: [ '4.0.0' ],
44 silly audit   yargs: [ '15.4.1' ],
44 silly audit   'yargs-parser': [ '18.1.3' ]
44 silly audit }
45 verbose reify failed optional dependency /home/ubuntu/SonarQubeNodeJS/node_modules/fsevents
46 silly reify mark deleted [ '/home/ubuntu/SonarQubeNodeJS/node_modules/fsevents' ]
47 timing reifyNode:node_modules/fsevents Completed in 23ms
48 timing reify:unpack Completed in 24ms
49 timing reify:unretire Completed in 0ms
50 timing build:queue Completed in 4ms
51 timing build:deps Completed in 4ms
52 timing build Completed in 4ms
53 timing reify:build Completed in 5ms
54 timing reify:trash Completed in 2ms
55 timing reify:save Completed in 91ms
56 http fetch POST 200 https://registry.npmjs.org/-/npm/v1/security/advisories/bulk 299ms
57 timing auditReport:getReport Completed in 311ms
58 silly audit report {}
59 timing auditReport:init Completed in 0ms
60 timing reify:audit Completed in 312ms
61 timing reify Completed in 1147ms
62 silly ADD
63 timing command:install Completed in 1159ms
64 verbose exit 0
65 timing npm Completed in 1393ms
66 info ok
