0 verbose cli [
0 verbose cli   '/usr/bin/node',
0 verbose cli   '/usr/bin/npm',
0 verbose cli   'list',
0 verbose cli   '--json',
0 verbose cli   '--long',
0 verbose cli   '--global',
0 verbose cli   'forever'
0 verbose cli ]
1 info using npm@8.5.5
2 info using node@v16.15.0
3 timing npm:load:whichnode Completed in 0ms
4 timing config:load:defaults Completed in 2ms
5 timing config:load:file:/usr/lib/node_modules/npm/npmrc Completed in 1ms
6 timing config:load:builtin Completed in 1ms
7 timing config:load:cli Completed in 2ms
8 timing config:load:env Completed in 1ms
9 timing config:load:project Completed in 13ms
10 timing config:load:file:/root/.npmrc Completed in 0ms
11 timing config:load:user Completed in 0ms
12 timing config:load:file:/usr/etc/npmrc Completed in 1ms
13 timing config:load:global Completed in 1ms
14 timing config:load:validate Completed in 0ms
15 timing config:load:credentials Completed in 1ms
16 timing config:load:setEnvs Completed in 1ms
17 timing config:load Completed in 22ms
18 timing npm:load:configload Completed in 22ms
19 timing npm:load:setTitle Completed in 1ms
20 timing config:load:flatten Completed in 3ms
21 timing npm:load:display Completed in 4ms
22 verbose logfile /root/.npm/_logs/2022-05-25T08_21_44_842Z-debug-0.log
23 timing npm:load:logFile Completed in 6ms
24 timing npm:load:timers Completed in 0ms
25 timing npm:load:configScope Completed in 0ms
26 timing npm:load Completed in 34ms
27 timing arborist:ctor Completed in 1ms
28 silly logfile start cleaning logs, removing 1 files
29 timing command:list Completed in 575ms
30 verbose exit 0
31 timing npm Completed in 800ms
32 info ok
